/home/klarrimore/.rvm/gems/ruby-2.0.0-p247/gems/god-0.13.2/lib/god/process.rb:324:in `exec': No such file or directory - /home/klarrimore/Projects/dnsserver/bin/dnsserver (Errno::ENOENT)
	from /home/klarrimore/.rvm/gems/ruby-2.0.0-p247/gems/god-0.13.2/lib/god/process.rb:324:in `block in spawn'
	from /home/klarrimore/.rvm/gems/ruby-2.0.0-p247/gems/god-0.13.2/lib/god/process.rb:288:in `fork'
	from /home/klarrimore/.rvm/gems/ruby-2.0.0-p247/gems/god-0.13.2/lib/god/process.rb:288:in `spawn'
	from /home/klarrimore/.rvm/gems/ruby-2.0.0-p247/gems/god-0.13.2/lib/god/process.rb:256:in `call_action'
	from /home/klarrimore/.rvm/gems/ruby-2.0.0-p247/gems/god-0.13.2/lib/god/watch.rb:305:in `call_action'
	from /home/klarrimore/.rvm/gems/ruby-2.0.0-p247/gems/god-0.13.2/lib/god/watch.rb:261:in `action'
	from /home/klarrimore/.rvm/gems/ruby-2.0.0-p247/gems/god-0.13.2/lib/god/task.rb:215:in `move'
	from /home/klarrimore/.rvm/gems/ruby-2.0.0-p247/gems/god-0.13.2/lib/god/task.rb:401:in `handle_poll'
	from /home/klarrimore/.rvm/gems/ruby-2.0.0-p247/gems/god-0.13.2/lib/god/driver.rb:64:in `handle_event'
	from /home/klarrimore/.rvm/gems/ruby-2.0.0-p247/gems/god-0.13.2/lib/god/driver.rb:181:in `block (2 levels) in initialize'
	from /home/klarrimore/.rvm/gems/ruby-2.0.0-p247/gems/god-0.13.2/lib/god/driver.rb:179:in `loop'
	from /home/klarrimore/.rvm/gems/ruby-2.0.0-p247/gems/god-0.13.2/lib/god/driver.rb:179:in `block in initialize'
/home/klarrimore/.rvm/gems/ruby-2.0.0-p247/gems/god-0.13.3/lib/god/process.rb:324:in `exec': No such file or directory - /home/klarrimore/Projects/dnsserver/bin/dnsserver (Errno::ENOENT)
	from /home/klarrimore/.rvm/gems/ruby-2.0.0-p247/gems/god-0.13.3/lib/god/process.rb:324:in `block in spawn'
	from /home/klarrimore/.rvm/gems/ruby-2.0.0-p247/gems/god-0.13.3/lib/god/process.rb:288:in `fork'
	from /home/klarrimore/.rvm/gems/ruby-2.0.0-p247/gems/god-0.13.3/lib/god/process.rb:288:in `spawn'
	from /home/klarrimore/.rvm/gems/ruby-2.0.0-p247/gems/god-0.13.3/lib/god/process.rb:256:in `call_action'
	from /home/klarrimore/.rvm/gems/ruby-2.0.0-p247/gems/god-0.13.3/lib/god/watch.rb:305:in `call_action'
	from /home/klarrimore/.rvm/gems/ruby-2.0.0-p247/gems/god-0.13.3/lib/god/watch.rb:261:in `action'
	from /home/klarrimore/.rvm/gems/ruby-2.0.0-p247/gems/god-0.13.3/lib/god/task.rb:215:in `move'
	from /home/klarrimore/.rvm/gems/ruby-2.0.0-p247/gems/god-0.13.3/lib/god/task.rb:401:in `handle_poll'
	from /home/klarrimore/.rvm/gems/ruby-2.0.0-p247/gems/god-0.13.3/lib/god/driver.rb:64:in `handle_event'
	from /home/klarrimore/.rvm/gems/ruby-2.0.0-p247/gems/god-0.13.3/lib/god/driver.rb:181:in `block (2 levels) in initialize'
	from /home/klarrimore/.rvm/gems/ruby-2.0.0-p247/gems/god-0.13.3/lib/god/driver.rb:179:in `loop'
	from /home/klarrimore/.rvm/gems/ruby-2.0.0-p247/gems/god-0.13.3/lib/god/driver.rb:179:in `block in initialize'
/home/klarrimore/.rvm/gems/ruby-2.0.0-p247/gems/god-0.13.3/lib/god/process.rb:324:in `exec': No such file or directory - /home/klarrimore/Projects/dnsserver/bin/dnsserver (Errno::ENOENT)
	from /home/klarrimore/.rvm/gems/ruby-2.0.0-p247/gems/god-0.13.3/lib/god/process.rb:324:in `block in spawn'
	from /home/klarrimore/.rvm/gems/ruby-2.0.0-p247/gems/god-0.13.3/lib/god/process.rb:288:in `fork'
	from /home/klarrimore/.rvm/gems/ruby-2.0.0-p247/gems/god-0.13.3/lib/god/process.rb:288:in `spawn'
	from /home/klarrimore/.rvm/gems/ruby-2.0.0-p247/gems/god-0.13.3/lib/god/process.rb:256:in `call_action'
	from /home/klarrimore/.rvm/gems/ruby-2.0.0-p247/gems/god-0.13.3/lib/god/watch.rb:305:in `call_action'
	from /home/klarrimore/.rvm/gems/ruby-2.0.0-p247/gems/god-0.13.3/lib/god/watch.rb:261:in `action'
	from /home/klarrimore/.rvm/gems/ruby-2.0.0-p247/gems/god-0.13.3/lib/god/task.rb:215:in `move'
	from /home/klarrimore/.rvm/gems/ruby-2.0.0-p247/gems/god-0.13.3/lib/god/task.rb:401:in `handle_poll'
	from /home/klarrimore/.rvm/gems/ruby-2.0.0-p247/gems/god-0.13.3/lib/god/driver.rb:64:in `handle_event'
	from /home/klarrimore/.rvm/gems/ruby-2.0.0-p247/gems/god-0.13.3/lib/god/driver.rb:181:in `block (2 levels) in initialize'
	from /home/klarrimore/.rvm/gems/ruby-2.0.0-p247/gems/god-0.13.3/lib/god/driver.rb:179:in `loop'
	from /home/klarrimore/.rvm/gems/ruby-2.0.0-p247/gems/god-0.13.3/lib/god/driver.rb:179:in `block in initialize'
Starting dnsserver service...
/home/klarrimore/Projects/dnsserver/bin/dnsserver:24:in `block in <main>': uninitialized constant DNServer (NameError)
	from /home/klarrimore/.rvm/gems/ruby-2.0.0-p247/gems/dante-0.1.5/lib/dante/runner.rb:112:in `call'
	from /home/klarrimore/.rvm/gems/ruby-2.0.0-p247/gems/dante-0.1.5/lib/dante/runner.rb:112:in `start'
	from /home/klarrimore/.rvm/gems/ruby-2.0.0-p247/gems/dante-0.1.5/lib/dante/runner.rb:87:in `block in daemonize'
	from /home/klarrimore/.rvm/gems/ruby-2.0.0-p247/gems/dante-0.1.5/lib/dante/runner.rb:80:in `fork'
	from /home/klarrimore/.rvm/gems/ruby-2.0.0-p247/gems/dante-0.1.5/lib/dante/runner.rb:80:in `daemonize'
	from /home/klarrimore/.rvm/gems/ruby-2.0.0-p247/gems/dante-0.1.5/lib/dante/runner.rb:72:in `execute'
	from /home/klarrimore/Projects/dnsserver/bin/dnsserver:22:in `<main>'
Starting dnsserver service...
Starting dnsserver service...
